-------------------------------------------------------------------------------
Test set: org.mule.extension.BasicOperationsTestCase
-------------------------------------------------------------------------------
Tests run: 2, Failures: 0, Errors: 2, Skipped: 0, Time elapsed: 7.466 sec <<< FAILURE! - in org.mule.extension.BasicOperationsTestCase
executeRetrieveInfoOperation(org.mule.extension.BasicOperationsTestCase)  Time elapsed: 1.137 sec  <<< ERROR!
org.mule.runtime.core.api.config.ConfigurationException: 
There were '6' errors while parsing the given file 'test-mule-config.xml'.
Full list:
org.xml.sax.SAXParseException; lineNumber: 7; columnNumber: 53; cvc-complex-type.3.2.2: No está permitido que el atributo 'configId' aparezca en el elemento 'basic:config'.
org.xml.sax.SAXParseException; lineNumber: 7; columnNumber: 53; cvc-complex-type.4: El atributo 'protocol' debe aparecer en el elemento 'basic:config'.
org.xml.sax.SAXParseException; lineNumber: 7; columnNumber: 53; cvc-complex-type.4: El atributo 'host' debe aparecer en el elemento 'basic:config'.
org.xml.sax.SAXParseException; lineNumber: 7; columnNumber: 53; cvc-complex-type.4: El atributo 'port' debe aparecer en el elemento 'basic:config'.
org.xml.sax.SAXParseException; lineNumber: 12; columnNumber: 50; cvc-complex-type.2.4.a: Se ha encontrado contenido no válido a partir del elemento 'basic:say-hi'. Se esperaba uno de '{"http://www.mulesoft.org/schema/mule/core":annotations, "http://www.mulesoft.org/schema/mule/core":description, "http://www.mulesoft.org/schema/mule/core":abstract-message-source, "http://www.mulesoft.org/schema/mule/core":abstract-message-processor, "http://www.mulesoft.org/schema/mule/core":abstract-mixed-content-message-processor, "http://www.mulesoft.org/schema/mule/core":response}'.
org.xml.sax.SAXParseException; lineNumber: 16; columnNumber: 51; cvc-complex-type.2.4.a: Se ha encontrado contenido no válido a partir del elemento 'basic:retrieve-info'. Se esperaba uno de '{"http://www.mulesoft.org/schema/mule/core":annotations, "http://www.mulesoft.org/schema/mule/core":description, "http://www.mulesoft.org/schema/mule/core":abstract-message-source, "http://www.mulesoft.org/schema/mule/core":abstract-message-processor, "http://www.mulesoft.org/schema/mule/core":abstract-mixed-content-message-processor, "http://www.mulesoft.org/schema/mule/core":response}'.

Caused by: org.mule.runtime.api.exception.MuleRuntimeException: 
There were '6' errors while parsing the given file 'test-mule-config.xml'.
Full list:
org.xml.sax.SAXParseException; lineNumber: 7; columnNumber: 53; cvc-complex-type.3.2.2: No está permitido que el atributo 'configId' aparezca en el elemento 'basic:config'.
org.xml.sax.SAXParseException; lineNumber: 7; columnNumber: 53; cvc-complex-type.4: El atributo 'protocol' debe aparecer en el elemento 'basic:config'.
org.xml.sax.SAXParseException; lineNumber: 7; columnNumber: 53; cvc-complex-type.4: El atributo 'host' debe aparecer en el elemento 'basic:config'.
org.xml.sax.SAXParseException; lineNumber: 7; columnNumber: 53; cvc-complex-type.4: El atributo 'port' debe aparecer en el elemento 'basic:config'.
org.xml.sax.SAXParseException; lineNumber: 12; columnNumber: 50; cvc-complex-type.2.4.a: Se ha encontrado contenido no válido a partir del elemento 'basic:say-hi'. Se esperaba uno de '{"http://www.mulesoft.org/schema/mule/core":annotations, "http://www.mulesoft.org/schema/mule/core":description, "http://www.mulesoft.org/schema/mule/core":abstract-message-source, "http://www.mulesoft.org/schema/mule/core":abstract-message-processor, "http://www.mulesoft.org/schema/mule/core":abstract-mixed-content-message-processor, "http://www.mulesoft.org/schema/mule/core":response}'.
org.xml.sax.SAXParseException; lineNumber: 16; columnNumber: 51; cvc-complex-type.2.4.a: Se ha encontrado contenido no válido a partir del elemento 'basic:retrieve-info'. Se esperaba uno de '{"http://www.mulesoft.org/schema/mule/core":annotations, "http://www.mulesoft.org/schema/mule/core":description, "http://www.mulesoft.org/schema/mule/core":abstract-message-source, "http://www.mulesoft.org/schema/mule/core":abstract-message-processor, "http://www.mulesoft.org/schema/mule/core":abstract-mixed-content-message-processor, "http://www.mulesoft.org/schema/mule/core":response}'.


executeSayHiOperation(org.mule.extension.BasicOperationsTestCase)  Time elapsed: 0.161 sec  <<< ERROR!
org.mule.runtime.core.api.config.ConfigurationException: 
There were '6' errors while parsing the given file 'test-mule-config.xml'.
Full list:
org.xml.sax.SAXParseException; lineNumber: 7; columnNumber: 53; cvc-complex-type.3.2.2: No está permitido que el atributo 'configId' aparezca en el elemento 'basic:config'.
org.xml.sax.SAXParseException; lineNumber: 7; columnNumber: 53; cvc-complex-type.4: El atributo 'protocol' debe aparecer en el elemento 'basic:config'.
org.xml.sax.SAXParseException; lineNumber: 7; columnNumber: 53; cvc-complex-type.4: El atributo 'host' debe aparecer en el elemento 'basic:config'.
org.xml.sax.SAXParseException; lineNumber: 7; columnNumber: 53; cvc-complex-type.4: El atributo 'port' debe aparecer en el elemento 'basic:config'.
org.xml.sax.SAXParseException; lineNumber: 12; columnNumber: 50; cvc-complex-type.2.4.a: Se ha encontrado contenido no válido a partir del elemento 'basic:say-hi'. Se esperaba uno de '{"http://www.mulesoft.org/schema/mule/core":annotations, "http://www.mulesoft.org/schema/mule/core":description, "http://www.mulesoft.org/schema/mule/core":abstract-message-source, "http://www.mulesoft.org/schema/mule/core":abstract-message-processor, "http://www.mulesoft.org/schema/mule/core":abstract-mixed-content-message-processor, "http://www.mulesoft.org/schema/mule/core":response}'.
org.xml.sax.SAXParseException; lineNumber: 16; columnNumber: 51; cvc-complex-type.2.4.a: Se ha encontrado contenido no válido a partir del elemento 'basic:retrieve-info'. Se esperaba uno de '{"http://www.mulesoft.org/schema/mule/core":annotations, "http://www.mulesoft.org/schema/mule/core":description, "http://www.mulesoft.org/schema/mule/core":abstract-message-source, "http://www.mulesoft.org/schema/mule/core":abstract-message-processor, "http://www.mulesoft.org/schema/mule/core":abstract-mixed-content-message-processor, "http://www.mulesoft.org/schema/mule/core":response}'.

Caused by: org.mule.runtime.api.exception.MuleRuntimeException: 
There were '6' errors while parsing the given file 'test-mule-config.xml'.
Full list:
org.xml.sax.SAXParseException; lineNumber: 7; columnNumber: 53; cvc-complex-type.3.2.2: No está permitido que el atributo 'configId' aparezca en el elemento 'basic:config'.
org.xml.sax.SAXParseException; lineNumber: 7; columnNumber: 53; cvc-complex-type.4: El atributo 'protocol' debe aparecer en el elemento 'basic:config'.
org.xml.sax.SAXParseException; lineNumber: 7; columnNumber: 53; cvc-complex-type.4: El atributo 'host' debe aparecer en el elemento 'basic:config'.
org.xml.sax.SAXParseException; lineNumber: 7; columnNumber: 53; cvc-complex-type.4: El atributo 'port' debe aparecer en el elemento 'basic:config'.
org.xml.sax.SAXParseException; lineNumber: 12; columnNumber: 50; cvc-complex-type.2.4.a: Se ha encontrado contenido no válido a partir del elemento 'basic:say-hi'. Se esperaba uno de '{"http://www.mulesoft.org/schema/mule/core":annotations, "http://www.mulesoft.org/schema/mule/core":description, "http://www.mulesoft.org/schema/mule/core":abstract-message-source, "http://www.mulesoft.org/schema/mule/core":abstract-message-processor, "http://www.mulesoft.org/schema/mule/core":abstract-mixed-content-message-processor, "http://www.mulesoft.org/schema/mule/core":response}'.
org.xml.sax.SAXParseException; lineNumber: 16; columnNumber: 51; cvc-complex-type.2.4.a: Se ha encontrado contenido no válido a partir del elemento 'basic:retrieve-info'. Se esperaba uno de '{"http://www.mulesoft.org/schema/mule/core":annotations, "http://www.mulesoft.org/schema/mule/core":description, "http://www.mulesoft.org/schema/mule/core":abstract-message-source, "http://www.mulesoft.org/schema/mule/core":abstract-message-processor, "http://www.mulesoft.org/schema/mule/core":abstract-mixed-content-message-processor, "http://www.mulesoft.org/schema/mule/core":response}'.


