<?xml version="1.0" encoding="UTF-8"?>
<testsuite xmlns:xsi="http://www.w3.org/2001/XMLSchema-instance" xsi:schemaLocation="https://maven.apache.org/surefire/maven-surefire-plugin/xsd/surefire-test-report.xsd" name="org.mule.extension.BasicOperationsTestCase" time="7.466" tests="2" errors="2" skipped="0" failures="0">
  <properties>
[...]
</properties>
  <testcase name="executeRetrieveInfoOperation" classname="org.mule.extension.BasicOperationsTestCase" time="1.137">
    <error message="There were &apos;6&apos; errors while parsing the given file &apos;test-mule-config.xml&apos;.&#10;Full list:&#10;org.xml.sax.SAXParseException; lineNumber: 7; columnNumber: 53; cvc-complex-type.3.2.2: No está permitido que el atributo &apos;configId&apos; aparezca en el elemento &apos;basic:config&apos;.&#10;org.xml.sax.SAXParseException; lineNumber: 7; columnNumber: 53; cvc-complex-type.4: El atributo &apos;protocol&apos; debe aparecer en el elemento &apos;basic:config&apos;.&#10;org.xml.sax.SAXParseException; lineNumber: 7; columnNumber: 53; cvc-complex-type.4: El atributo &apos;host&apos; debe aparecer en el elemento &apos;basic:config&apos;.&#10;org.xml.sax.SAXParseException; lineNumber: 7; columnNumber: 53; cvc-complex-type.4: El atributo &apos;port&apos; debe aparecer en el elemento &apos;basic:config&apos;.&#10;org.xml.sax.SAXParseException; lineNumber: 12; columnNumber: 50; cvc-complex-type.2.4.a: Se ha encontrado contenido no válido a partir del elemento &apos;basic:say-hi&apos;. Se esperaba uno de &apos;{&quot;http://www.mulesoft.org/schema/mule/core&quot;:annotations, &quot;http://www.mulesoft.org/schema/mule/core&quot;:description, &quot;http://www.mulesoft.org/schema/mule/core&quot;:abstract-message-source, &quot;http://www.mulesoft.org/schema/mule/core&quot;:abstract-message-processor, &quot;http://www.mulesoft.org/schema/mule/core&quot;:abstract-mixed-content-message-processor, &quot;http://www.mulesoft.org/schema/mule/core&quot;:response}&apos;.&#10;org.xml.sax.SAXParseException; lineNumber: 16; columnNumber: 51; cvc-complex-type.2.4.a: Se ha encontrado contenido no válido a partir del elemento &apos;basic:retrieve-info&apos;. Se esperaba uno de &apos;{&quot;http://www.mulesoft.org/schema/mule/core&quot;:annotations, &quot;http://www.mulesoft.org/schema/mule/core&quot;:description, &quot;http://www.mulesoft.org/schema/mule/core&quot;:abstract-message-source, &quot;http://www.mulesoft.org/schema/mule/core&quot;:abstract-message-processor, &quot;http://www.mulesoft.org/schema/mule/core&quot;:abstract-mixed-content-message-processor, &quot;http://www.mulesoft.org/schema/mule/core&quot;:response}&apos;.&#10;" type="org.mule.runtime.core.api.config.ConfigurationException">org.mule.runtime.core.api.config.ConfigurationException: 
There were '6' errors while parsing the given file 'test-mule-config.xml'.
Full list:
org.xml.sax.SAXParseException; lineNumber: 7; columnNumber: 53; cvc-complex-type.3.2.2: No está permitido que el atributo 'configId' aparezca en el elemento 'basic:config'.
org.xml.sax.SAXParseException; lineNumber: 7; columnNumber: 53; cvc-complex-type.4: El atributo 'protocol' debe aparecer en el elemento 'basic:config'.
org.xml.sax.SAXParseException; lineNumber: 7; columnNumber: 53; cvc-complex-type.4: El atributo 'host' debe aparecer en el elemento 'basic:config'.
org.xml.sax.SAXParseException; lineNumber: 7; columnNumber: 53; cvc-complex-type.4: El atributo 'port' debe aparecer en el elemento 'basic:config'.
org.xml.sax.SAXParseException; lineNumber: 12; columnNumber: 50; cvc-complex-type.2.4.a: Se ha encontrado contenido no válido a partir del elemento 'basic:say-hi'. Se esperaba uno de '{"http://www.mulesoft.org/schema/mule/core":annotations, "http://www.mulesoft.org/schema/mule/core":description, "http://www.mulesoft.org/schema/mule/core":abstract-message-source, "http://www.mulesoft.org/schema/mule/core":abstract-message-processor, "http://www.mulesoft.org/schema/mule/core":abstract-mixed-content-message-processor, "http://www.mulesoft.org/schema/mule/core":response}'.
org.xml.sax.SAXParseException; lineNumber: 16; columnNumber: 51; cvc-complex-type.2.4.a: Se ha encontrado contenido no válido a partir del elemento 'basic:retrieve-info'. Se esperaba uno de '{"http://www.mulesoft.org/schema/mule/core":annotations, "http://www.mulesoft.org/schema/mule/core":description, "http://www.mulesoft.org/schema/mule/core":abstract-message-source, "http://www.mulesoft.org/schema/mule/core":abstract-message-processor, "http://www.mulesoft.org/schema/mule/core":abstract-mixed-content-message-processor, "http://www.mulesoft.org/schema/mule/core":response}'.

Caused by: org.mule.runtime.api.exception.MuleRuntimeException: 
There were '6' errors while parsing the given file 'test-mule-config.xml'.
Full list:
org.xml.sax.SAXParseException; lineNumber: 7; columnNumber: 53; cvc-complex-type.3.2.2: No está permitido que el atributo 'configId' aparezca en el elemento 'basic:config'.
org.xml.sax.SAXParseException; lineNumber: 7; columnNumber: 53; cvc-complex-type.4: El atributo 'protocol' debe aparecer en el elemento 'basic:config'.
org.xml.sax.SAXParseException; lineNumber: 7; columnNumber: 53; cvc-complex-type.4: El atributo 'host' debe aparecer en el elemento 'basic:config'.
org.xml.sax.SAXParseException; lineNumber: 7; columnNumber: 53; cvc-complex-type.4: El atributo 'port' debe aparecer en el elemento 'basic:config'.
org.xml.sax.SAXParseException; lineNumber: 12; columnNumber: 50; cvc-complex-type.2.4.a: Se ha encontrado contenido no válido a partir del elemento 'basic:say-hi'. Se esperaba uno de '{"http://www.mulesoft.org/schema/mule/core":annotations, "http://www.mulesoft.org/schema/mule/core":description, "http://www.mulesoft.org/schema/mule/core":abstract-message-source, "http://www.mulesoft.org/schema/mule/core":abstract-message-processor, "http://www.mulesoft.org/schema/mule/core":abstract-mixed-content-message-processor, "http://www.mulesoft.org/schema/mule/core":response}'.
org.xml.sax.SAXParseException; lineNumber: 16; columnNumber: 51; cvc-complex-type.2.4.a: Se ha encontrado contenido no válido a partir del elemento 'basic:retrieve-info'. Se esperaba uno de '{"http://www.mulesoft.org/schema/mule/core":annotations, "http://www.mulesoft.org/schema/mule/core":description, "http://www.mulesoft.org/schema/mule/core":abstract-message-source, "http://www.mulesoft.org/schema/mule/core":abstract-message-processor, "http://www.mulesoft.org/schema/mule/core":abstract-mixed-content-message-processor, "http://www.mulesoft.org/schema/mule/core":response}'.

</error>
    <system-out><![CDATA[
================================================================================
= Testing: executeRetrieveInfoOperation                                        =
================================================================================
]]></system-out>
  </testcase>
  <testcase name="executeSayHiOperation" classname="org.mule.extension.BasicOperationsTestCase" time="0.161">
    <error message="There were &apos;6&apos; errors while parsing the given file &apos;test-mule-config.xml&apos;.&#10;Full list:&#10;org.xml.sax.SAXParseException; lineNumber: 7; columnNumber: 53; cvc-complex-type.3.2.2: No está permitido que el atributo &apos;configId&apos; aparezca en el elemento &apos;basic:config&apos;.&#10;org.xml.sax.SAXParseException; lineNumber: 7; columnNumber: 53; cvc-complex-type.4: El atributo &apos;protocol&apos; debe aparecer en el elemento &apos;basic:config&apos;.&#10;org.xml.sax.SAXParseException; lineNumber: 7; columnNumber: 53; cvc-complex-type.4: El atributo &apos;host&apos; debe aparecer en el elemento &apos;basic:config&apos;.&#10;org.xml.sax.SAXParseException; lineNumber: 7; columnNumber: 53; cvc-complex-type.4: El atributo &apos;port&apos; debe aparecer en el elemento &apos;basic:config&apos;.&#10;org.xml.sax.SAXParseException; lineNumber: 12; columnNumber: 50; cvc-complex-type.2.4.a: Se ha encontrado contenido no válido a partir del elemento &apos;basic:say-hi&apos;. Se esperaba uno de &apos;{&quot;http://www.mulesoft.org/schema/mule/core&quot;:annotations, &quot;http://www.mulesoft.org/schema/mule/core&quot;:description, &quot;http://www.mulesoft.org/schema/mule/core&quot;:abstract-message-source, &quot;http://www.mulesoft.org/schema/mule/core&quot;:abstract-message-processor, &quot;http://www.mulesoft.org/schema/mule/core&quot;:abstract-mixed-content-message-processor, &quot;http://www.mulesoft.org/schema/mule/core&quot;:response}&apos;.&#10;org.xml.sax.SAXParseException; lineNumber: 16; columnNumber: 51; cvc-complex-type.2.4.a: Se ha encontrado contenido no válido a partir del elemento &apos;basic:retrieve-info&apos;. Se esperaba uno de &apos;{&quot;http://www.mulesoft.org/schema/mule/core&quot;:annotations, &quot;http://www.mulesoft.org/schema/mule/core&quot;:description, &quot;http://www.mulesoft.org/schema/mule/core&quot;:abstract-message-source, &quot;http://www.mulesoft.org/schema/mule/core&quot;:abstract-message-processor, &quot;http://www.mulesoft.org/schema/mule/core&quot;:abstract-mixed-content-message-processor, &quot;http://www.mulesoft.org/schema/mule/core&quot;:response}&apos;.&#10;" type="org.mule.runtime.core.api.config.ConfigurationException">org.mule.runtime.core.api.config.ConfigurationException: 
There were '6' errors while parsing the given file 'test-mule-config.xml'.
Full list:
org.xml.sax.SAXParseException; lineNumber: 7; columnNumber: 53; cvc-complex-type.3.2.2: No está permitido que el atributo 'configId' aparezca en el elemento 'basic:config'.
org.xml.sax.SAXParseException; lineNumber: 7; columnNumber: 53; cvc-complex-type.4: El atributo 'protocol' debe aparecer en el elemento 'basic:config'.
org.xml.sax.SAXParseException; lineNumber: 7; columnNumber: 53; cvc-complex-type.4: El atributo 'host' debe aparecer en el elemento 'basic:config'.
org.xml.sax.SAXParseException; lineNumber: 7; columnNumber: 53; cvc-complex-type.4: El atributo 'port' debe aparecer en el elemento 'basic:config'.
org.xml.sax.SAXParseException; lineNumber: 12; columnNumber: 50; cvc-complex-type.2.4.a: Se ha encontrado contenido no válido a partir del elemento 'basic:say-hi'. Se esperaba uno de '{"http://www.mulesoft.org/schema/mule/core":annotations, "http://www.mulesoft.org/schema/mule/core":description, "http://www.mulesoft.org/schema/mule/core":abstract-message-source, "http://www.mulesoft.org/schema/mule/core":abstract-message-processor, "http://www.mulesoft.org/schema/mule/core":abstract-mixed-content-message-processor, "http://www.mulesoft.org/schema/mule/core":response}'.
org.xml.sax.SAXParseException; lineNumber: 16; columnNumber: 51; cvc-complex-type.2.4.a: Se ha encontrado contenido no válido a partir del elemento 'basic:retrieve-info'. Se esperaba uno de '{"http://www.mulesoft.org/schema/mule/core":annotations, "http://www.mulesoft.org/schema/mule/core":description, "http://www.mulesoft.org/schema/mule/core":abstract-message-source, "http://www.mulesoft.org/schema/mule/core":abstract-message-processor, "http://www.mulesoft.org/schema/mule/core":abstract-mixed-content-message-processor, "http://www.mulesoft.org/schema/mule/core":response}'.

Caused by: org.mule.runtime.api.exception.MuleRuntimeException: 
There were '6' errors while parsing the given file 'test-mule-config.xml'.
Full list:
org.xml.sax.SAXParseException; lineNumber: 7; columnNumber: 53; cvc-complex-type.3.2.2: No está permitido que el atributo 'configId' aparezca en el elemento 'basic:config'.
org.xml.sax.SAXParseException; lineNumber: 7; columnNumber: 53; cvc-complex-type.4: El atributo 'protocol' debe aparecer en el elemento 'basic:config'.
org.xml.sax.SAXParseException; lineNumber: 7; columnNumber: 53; cvc-complex-type.4: El atributo 'host' debe aparecer en el elemento 'basic:config'.
org.xml.sax.SAXParseException; lineNumber: 7; columnNumber: 53; cvc-complex-type.4: El atributo 'port' debe aparecer en el elemento 'basic:config'.
org.xml.sax.SAXParseException; lineNumber: 12; columnNumber: 50; cvc-complex-type.2.4.a: Se ha encontrado contenido no válido a partir del elemento 'basic:say-hi'. Se esperaba uno de '{"http://www.mulesoft.org/schema/mule/core":annotations, "http://www.mulesoft.org/schema/mule/core":description, "http://www.mulesoft.org/schema/mule/core":abstract-message-source, "http://www.mulesoft.org/schema/mule/core":abstract-message-processor, "http://www.mulesoft.org/schema/mule/core":abstract-mixed-content-message-processor, "http://www.mulesoft.org/schema/mule/core":response}'.
org.xml.sax.SAXParseException; lineNumber: 16; columnNumber: 51; cvc-complex-type.2.4.a: Se ha encontrado contenido no válido a partir del elemento 'basic:retrieve-info'. Se esperaba uno de '{"http://www.mulesoft.org/schema/mule/core":annotations, "http://www.mulesoft.org/schema/mule/core":description, "http://www.mulesoft.org/schema/mule/core":abstract-message-source, "http://www.mulesoft.org/schema/mule/core":abstract-message-processor, "http://www.mulesoft.org/schema/mule/core":abstract-mixed-content-message-processor, "http://www.mulesoft.org/schema/mule/core":response}'.

</error>
    <system-out><![CDATA[
================================================================================
= Testing: executeSayHiOperation                                               =
================================================================================
]]></system-out>
  </testcase>
</testsuite>